<?xml version="1.0" encoding="UTF-8"?>
<!-- Generated by org.testng.reporters.JUnitReportReporter -->
<testsuite skipped="0" hostname="DESKTOP-VEKUJ09" name="SeleniumSession.CrossBrowserTest" tests="2" failures="0" timestamp="02 Nov 2019 17:22:49 GMT" time="4.972" errors="1">
  <testcase name="homePageTest" time="1.684" classname="SeleniumSession.CrossBrowserTest">
    <error type="org.openqa.selenium.SessionNotCreatedException" message="session not created: This version of ChromeDriver only supports Chrome version 76
Build info: version: &#039;3.141.59&#039;, revision: &#039;e82be7d358&#039;, time: &#039;2018-11-14T08:25:53&#039;
System info: host: &#039;DESKTOP-VEKUJ09&#039;, ip: &#039;192.168.150.1&#039;, os.name: &#039;Windows 10&#039;, os.arch: &#039;amd64&#039;, os.version: &#039;10.0&#039;, java.version: &#039;1.8.0_191&#039;
Driver info: driver.version: ChromeDriver
remote stacktrace: Backtrace:
	Ordinal0 [0x00CB7C93+1473683]
	Ordinal0 [0x00C3ADB1+961969]
	Ordinal0 [0x00BC42E3+475875]
	Ordinal0 [0x00B5F365+62309]
	Ordinal0 [0x00B5BC77+48247]
	Ordinal0 [0x00B79149+168265]
	Ordinal0 [0x00B78D1D+167197]
	Ordinal0 [0x00B7742B+160811]
	Ordinal0 [0x00B60AE6+68326]
	Ordinal0 [0x00B61BF0+72688]
	Ordinal0 [0x00B61B89+72585]
	Ordinal0 [0x00C54B77+1067895]
	GetHandleVerifier [0x00D56875+506677]
	GetHandleVerifier [0x00D56610+506064]
	GetHandleVerifier [0x00D5D1B8+533624]
	GetHandleVerifier [0x00D5704A+508682]
	Ordinal0 [0x00C4C266+1032806]
	Ordinal0 [0x00C4C0DF+1032415]
	Ordinal0 [0x00C56A8B+1075851]
	Ordinal0 [0x00C56BF3+1076211]
	Ordinal0 [0x00C55BA5+1072037]
	BaseThreadInitThunk [0x74538494+36]
	RtlAreBitsSet [0x776041C8+136]
	RtlAreBitsSet [0x77604198+88]
">
      <![CDATA[org.openqa.selenium.SessionNotCreatedException: session not created: This version of ChromeDriver only supports Chrome version 76
Build info: version: '3.141.59', revision: 'e82be7d358', time: '2018-11-14T08:25:53'
System info: host: 'DESKTOP-VEKUJ09', ip: '192.168.150.1', os.name: 'Windows 10', os.arch: 'amd64', os.version: '10.0', java.version: '1.8.0_191'
Driver info: driver.version: ChromeDriver
remote stacktrace: Backtrace:
Ordinal0 [0x00CB7C93+1473683]
Ordinal0 [0x00C3ADB1+961969]
Ordinal0 [0x00BC42E3+475875]
Ordinal0 [0x00B5F365+62309]
Ordinal0 [0x00B5BC77+48247]
Ordinal0 [0x00B79149+168265]
Ordinal0 [0x00B78D1D+167197]
Ordinal0 [0x00B7742B+160811]
Ordinal0 [0x00B60AE6+68326]
Ordinal0 [0x00B61BF0+72688]
Ordinal0 [0x00B61B89+72585]
Ordinal0 [0x00C54B77+1067895]
GetHandleVerifier [0x00D56875+506677]
GetHandleVerifier [0x00D56610+506064]
GetHandleVerifier [0x00D5D1B8+533624]
GetHandleVerifier [0x00D5704A+508682]
Ordinal0 [0x00C4C266+1032806]
Ordinal0 [0x00C4C0DF+1032415]
Ordinal0 [0x00C56A8B+1075851]
Ordinal0 [0x00C56BF3+1076211]
Ordinal0 [0x00C55BA5+1072037]
BaseThreadInitThunk [0x74538494+36]
RtlAreBitsSet [0x776041C8+136]
RtlAreBitsSet [0x77604198+88]

at sun.reflect.NativeConstructorAccessorImpl.newInstance0(Native Method)
at sun.reflect.NativeConstructorAccessorImpl.newInstance(Unknown Source)
at sun.reflect.DelegatingConstructorAccessorImpl.newInstance(Unknown Source)
at java.lang.reflect.Constructor.newInstance(Unknown Source)
at org.openqa.selenium.remote.W3CHandshakeResponse.lambda$errorHandler$0(W3CHandshakeResponse.java:62)
at org.openqa.selenium.remote.HandshakeResponse.lambda$getResponseFunction$0(HandshakeResponse.java:30)
at org.openqa.selenium.remote.ProtocolHandshake.lambda$createSession$0(ProtocolHandshake.java:126)
at java.util.stream.ReferencePipeline$3$1.accept(Unknown Source)
at java.util.Spliterators$ArraySpliterator.tryAdvance(Unknown Source)
at java.util.stream.ReferencePipeline.forEachWithCancel(Unknown Source)
at java.util.stream.AbstractPipeline.copyIntoWithCancel(Unknown Source)
at java.util.stream.AbstractPipeline.copyInto(Unknown Source)
at java.util.stream.AbstractPipeline.wrapAndCopyInto(Unknown Source)
at java.util.stream.FindOps$FindOp.evaluateSequential(Unknown Source)
at java.util.stream.AbstractPipeline.evaluate(Unknown Source)
at java.util.stream.ReferencePipeline.findFirst(Unknown Source)
at org.openqa.selenium.remote.ProtocolHandshake.createSession(ProtocolHandshake.java:128)
at org.openqa.selenium.remote.ProtocolHandshake.createSession(ProtocolHandshake.java:74)
at org.openqa.selenium.remote.HttpCommandExecutor.execute(HttpCommandExecutor.java:136)
at org.openqa.selenium.remote.service.DriverCommandExecutor.execute(DriverCommandExecutor.java:83)
at org.openqa.selenium.remote.RemoteWebDriver.execute(RemoteWebDriver.java:552)
at org.openqa.selenium.remote.RemoteWebDriver.startSession(RemoteWebDriver.java:213)
at org.openqa.selenium.remote.RemoteWebDriver.<init>(RemoteWebDriver.java:131)
at org.openqa.selenium.chrome.ChromeDriver.<init>(ChromeDriver.java:181)
at org.openqa.selenium.chrome.ChromeDriver.<init>(ChromeDriver.java:168)
at org.openqa.selenium.chrome.ChromeDriver.<init>(ChromeDriver.java:123)
at SeleniumSession.CrossBrowserTest.homePageTest(CrossBrowserTest.java:23)
at sun.reflect.NativeMethodAccessorImpl.invoke0(Native Method)
at sun.reflect.NativeMethodAccessorImpl.invoke(Unknown Source)
at sun.reflect.DelegatingMethodAccessorImpl.invoke(Unknown Source)
at java.lang.reflect.Method.invoke(Unknown Source)
at org.testng.internal.MethodInvocationHelper.invokeMethod(MethodInvocationHelper.java:124)
at org.testng.internal.Invoker.invokeMethod(Invoker.java:580)
at org.testng.internal.Invoker.invokeTestMethod(Invoker.java:716)
at org.testng.internal.Invoker.invokeTestMethods(Invoker.java:988)
at org.testng.internal.TestMethodWorker.invokeTestMethods(TestMethodWorker.java:125)
at org.testng.internal.TestMethodWorker.run(TestMethodWorker.java:109)
at org.testng.TestRunner.privateRun(TestRunner.java:648)
at org.testng.TestRunner.run(TestRunner.java:505)
at org.testng.SuiteRunner.runTest(SuiteRunner.java:455)
at org.testng.SuiteRunner.access$000(SuiteRunner.java:40)
at org.testng.SuiteRunner$SuiteWorker.run(SuiteRunner.java:489)
at org.testng.internal.thread.ThreadUtil$1.call(ThreadUtil.java:52)
at java.util.concurrent.FutureTask.run(Unknown Source)
at java.util.concurrent.ThreadPoolExecutor.runWorker(Unknown Source)
at java.util.concurrent.ThreadPoolExecutor$Worker.run(Unknown Source)
at java.lang.Thread.run(Unknown Source)
]]>
    </error>
  </testcase> <!-- homePageTest -->
  <testcase name="homePageTest" time="3.288" classname="SeleniumSession.CrossBrowserTest"/>
</testsuite> <!-- SeleniumSession.CrossBrowserTest -->
